<?xml version="1.0" encoding="UTF-8"?>
<testsuite name="com.ws101.fformaran.EcommerceApi.EcommerceApiApplicationTests" tests="1" skipped="0" failures="0" errors="0" timestamp="2026-05-27T07:55:53.059Z" hostname="DESKTOP-7M3MJG9" time="0.289">
  <properties/>
  <testcase name="contextLoads()" classname="com.ws101.fformaran.EcommerceApi.EcommerceApiApplicationTests" time="0.289"/>
  <system-out><![CDATA[15:55:47.553 [Test worker] INFO org.springframework.test.context.support.AnnotationConfigContextLoaderUtils -- Could not detect default configuration classes for test class [com.ws101.fformaran.EcommerceApi.EcommerceApiApplicationTests]: EcommerceApiApplicationTests does not declare any static, non-private, non-final, nested classes annotated with @Configuration.
15:55:47.663 [Test worker] INFO org.springframework.boot.test.context.SpringBootTestContextBootstrapper -- Found @SpringBootConfiguration com.ws101.fformaran.EcommerceApi.EcommerceApiApplication for test class com.ws101.fformaran.EcommerceApi.EcommerceApiApplicationTests

  .   ____          _            __ _ _
 /\\ / ___'_ __ _ _(_)_ __  __ _ \ \ \ \
( ( )\___ | '_ | '_| | '_ \/ _` | \ \ \ \
 \\/  ___)| |_)| | | | | || (_| |  ) ) ) )
  '  |____| .__|_| |_|_| |_\__, | / / / /
 =========|_|==============|___/=/_/_/_/

 :: Spring Boot ::               (v3.5.14)

2026-05-27T15:55:48.147+08:00  INFO 12160 --- [    Test worker] c.w.f.E.EcommerceApiApplicationTests     : Starting EcommerceApiApplicationTests using Java 25.0.3 with PID 12160 (started by Laptop Supplier PH in C:\Users\Laptop Supplier PH\Desktop\EcommerceApi)
2026-05-27T15:55:48.148+08:00  INFO 12160 --- [    Test worker] c.w.f.E.EcommerceApiApplicationTests     : No active profile set, falling back to 1 default profile: "default"
2026-05-27T15:55:48.746+08:00  INFO 12160 --- [    Test worker] .s.d.r.c.RepositoryConfigurationDelegate : Bootstrapping Spring Data JPA repositories in DEFAULT mode.
2026-05-27T15:55:48.809+08:00  INFO 12160 --- [    Test worker] .s.d.r.c.RepositoryConfigurationDelegate : Finished Spring Data repository scanning in 51 ms. Found 2 JPA repository interfaces.
2026-05-27T15:55:49.402+08:00  INFO 12160 --- [    Test worker] o.hibernate.jpa.internal.util.LogHelper  : HHH000204: Processing PersistenceUnitInfo [name: default]
2026-05-27T15:55:49.450+08:00  INFO 12160 --- [    Test worker] org.hibernate.Version                    : HHH000412: Hibernate ORM core version 6.6.49.Final
2026-05-27T15:55:49.484+08:00  INFO 12160 --- [    Test worker] o.h.c.internal.RegionFactoryInitiator    : HHH000026: Second-level cache disabled
2026-05-27T15:55:49.814+08:00  INFO 12160 --- [    Test worker] o.s.o.j.p.SpringPersistenceUnitInfo      : No LoadTimeWeaver setup: ignoring JPA class transformer
2026-05-27T15:55:49.844+08:00  INFO 12160 --- [    Test worker] com.zaxxer.hikari.HikariDataSource       : HikariPool-1 - Starting...
2026-05-27T15:55:50.023+08:00  INFO 12160 --- [    Test worker] com.zaxxer.hikari.pool.HikariPool        : HikariPool-1 - Added connection com.mysql.cj.jdbc.ConnectionImpl@5273143e
2026-05-27T15:55:50.026+08:00  INFO 12160 --- [    Test worker] com.zaxxer.hikari.HikariDataSource       : HikariPool-1 - Start completed.
2026-05-27T15:55:50.052+08:00  WARN 12160 --- [    Test worker] org.hibernate.orm.deprecation            : HHH90000025: MySQL8Dialect does not need to be specified explicitly using 'hibernate.dialect' (remove the property setting and it will be selected by default)
2026-05-27T15:55:50.053+08:00  WARN 12160 --- [    Test worker] org.hibernate.orm.deprecation            : HHH90000026: MySQL8Dialect has been deprecated; use org.hibernate.dialect.MySQLDialect instead
2026-05-27T15:55:50.074+08:00  INFO 12160 --- [    Test worker] org.hibernate.orm.connections.pooling    : HHH10001005: Database info:
	Database JDBC URL [Connecting through datasource 'HikariDataSource (HikariPool-1)']
	Database driver: undefined/unknown
	Database version: 8.0
	Autocommit mode: undefined/unknown
	Isolation level: undefined/unknown
	Minimum pool size: undefined/unknown
	Maximum pool size: undefined/unknown
2026-05-27T15:55:51.035+08:00  INFO 12160 --- [    Test worker] o.h.e.t.j.p.i.JtaPlatformInitiator       : HHH000489: No JTA platform available (set 'hibernate.transaction.jta.platform' to enable JTA platform integration)
Hibernate: create table categories (id bigint not null auto_increment, name varchar(255), primary key (id)) engine=InnoDB
Hibernate: create table order_items (id bigint not null auto_increment, quantity integer, order_id bigint, product_id bigint, primary key (id)) engine=InnoDB
Hibernate: create table orders (id bigint not null auto_increment, primary key (id)) engine=InnoDB
Hibernate: create table products (id bigint not null auto_increment, description varchar(255), image_url varchar(255), name varchar(255), price float(53), category_id bigint, primary key (id)) engine=InnoDB
Hibernate: alter table order_items add constraint FKbioxgbv59vetrxe0ejfubep1w foreign key (order_id) references orders (id)
Hibernate: alter table order_items add constraint FKocimc7dtr037rh4ls4l95nlfi foreign key (product_id) references products (id)
Hibernate: alter table products add constraint FKog2rp4qthbtt2lfyhfo32lsw9 foreign key (category_id) references categories (id)
2026-05-27T15:55:51.524+08:00  INFO 12160 --- [    Test worker] j.LocalContainerEntityManagerFactoryBean : Initialized JPA EntityManagerFactory for persistence unit 'default'
2026-05-27T15:55:51.843+08:00  INFO 12160 --- [    Test worker] o.s.d.j.r.query.QueryEnhancerFactory     : Hibernate is in classpath; If applicable, HQL parser will be used.
Hibernate: select count(*) from products p1_0
Hibernate: insert into categories (name) values (?)
Hibernate: insert into products (category_id,description,image_url,name,price) values (?,?,?,?,?)
Hibernate: insert into products (category_id,description,image_url,name,price) values (?,?,?,?,?)
2026-05-27T15:55:52.723+08:00  WARN 12160 --- [    Test worker] JpaBaseConfiguration$JpaWebConfiguration : spring.jpa.open-in-view is enabled by default. Therefore, database queries may be performed during view rendering. Explicitly configure spring.jpa.open-in-view to disable this warning
2026-05-27T15:55:53.043+08:00  INFO 12160 --- [    Test worker] c.w.f.E.EcommerceApiApplicationTests     : Started EcommerceApiApplicationTests in 5.224 seconds (process running for 6.432)
]]></system-out>
  <system-err><![CDATA[Mockito is currently self-attaching to enable the inline-mock-maker. This will no longer work in future releases of the JDK. Please add Mockito as an agent to your build as described in Mockito's documentation: https://javadoc.io/doc/org.mockito/mockito-core/latest/org.mockito/org/mockito/Mockito.html#0.3
WARNING: A Java agent has been loaded dynamically (C:\Users\Laptop Supplier PH\.gradle\caches\modules-2\files-2.1\net.bytebuddy\byte-buddy-agent\1.17.8\f09415827a71be7ed621c7bd02550678f28bc81c\byte-buddy-agent-1.17.8.jar)
WARNING: If a serviceability tool is in use, please run with -XX:+EnableDynamicAgentLoading to hide this warning
WARNING: If a serviceability tool is not in use, please run with -Djdk.instrument.traceUsage for more information
WARNING: Dynamic loading of agents will be disallowed by default in a future release
]]></system-err>
</testsuite>
